<?xml version="1.0" encoding="utf-8"?>
<CoverageSession xmlns:xsd="http://www.w3.org/2001/XMLSchema" xmlns:xsi="http://www.w3.org/2001/XMLSchema-instance" Version="4.6.0.0">
  <Summary numSequencePoints="0" visitedSequencePoints="0" numBranchPoints="0" visitedBranchPoints="0" sequenceCoverage="0" branchCoverage="0" maxCyclomaticComplexity="0" minCyclomaticComplexity="0" maxCrapScore="0" minCrapScore="0" visitedClasses="0" numClasses="0" visitedMethods="0" numMethods="0" />
  <Modules>
    <Module skippedDueTo="Filter" hash="00-F3-05-6F-08-92-B6-6B-3E-5F-7D-EC-0B-D4-5C-AA-27-07-BD-32">
      <ModulePath>C:\WINDOWS\Microsoft.Net\assembly\GAC_64\mscorlib\v4.0_4.0.0.0__b77a5c561934e089\mscorlib.dll</ModulePath>
      <ModuleTime>2017-09-21T01:37:46.2523965Z</ModuleTime>
      <ModuleName>mscorlib</ModuleName>
      <Classes />
    </Module>
    <Module skippedDueTo="MissingPdb" hash="73-2C-23-38-69-24-C6-47-B0-15-58-8D-B3-63-F3-64-AC-79-40-D5">
      <ModulePath>C:\src\opencover2\ClassLibrary1\packages\NUnit.ConsoleRunner.3.7.0\tools\nunit3-console.exe</ModulePath>
      <ModuleTime>2017-07-13T18:33:20Z</ModuleTime>
      <ModuleName>nunit3-console</ModuleName>
      <Classes />
    </Module>
    <Module skippedDueTo="Filter" hash="C8-98-52-CA-D9-96-CD-B5-71-37-87-EA-05-74-30-8B-36-C3-4A-5C">
      <ModulePath>C:\WINDOWS\Microsoft.Net\assembly\GAC_MSIL\System\v4.0_4.0.0.0__b77a5c561934e089\System.dll</ModulePath>
      <ModuleTime>2017-09-02T01:45:23.8311991Z</ModuleTime>
      <ModuleName>System</ModuleName>
      <Classes />
    </Module>
    <Module skippedDueTo="MissingPdb" hash="4D-3A-F8-21-37-BF-6C-40-07-B1-F2-B3-C1-40-95-02-8B-29-D6-BF">
      <ModulePath>C:\src\opencover2\ClassLibrary1\packages\NUnit.ConsoleRunner.3.7.0\tools\nunit.engine.api.dll</ModulePath>
      <ModuleTime>2017-07-13T18:33:20Z</ModuleTime>
      <ModuleName>nunit.engine.api</ModuleName>
      <Classes />
    </Module>
    <Module skippedDueTo="MissingPdb" hash="78-8A-37-55-1D-1C-A6-13-69-DB-A2-FA-8C-58-E6-62-DB-70-B5-E7">
      <ModulePath>C:\src\opencover2\ClassLibrary1\packages\NUnit.ConsoleRunner.3.7.0\tools\nunit.engine.dll</ModulePath>
      <ModuleTime>2017-07-13T18:33:20Z</ModuleTime>
      <ModuleName>nunit.engine</ModuleName>
      <Classes />
    </Module>
    <Module skippedDueTo="MissingPdb" hash="78-8A-37-55-1D-1C-A6-13-69-DB-A2-FA-8C-58-E6-62-DB-70-B5-E7">
      <ModulePath>C:\src\opencover2\ClassLibrary1\packages\NUnit.ConsoleRunner.3.7.0\tools\nunit.engine.dll</ModulePath>
      <ModuleTime>2017-07-13T18:33:20Z</ModuleTime>
      <ModuleName>nunit.engine</ModuleName>
      <Classes />
    </Module>
    <Module skippedDueTo="Filter" hash="21-E4-90-B5-42-20-26-BA-49-19-94-C3-CA-93-44-7B-60-08-D7-1C">
      <ModulePath>C:\WINDOWS\Microsoft.Net\assembly\GAC_MSIL\System.Xml\v4.0_4.0.0.0__b77a5c561934e089\System.Xml.dll</ModulePath>
      <ModuleTime>2017-10-08T05:54:33.9665984Z</ModuleTime>
      <ModuleName>System.Xml</ModuleName>
      <Classes />
    </Module>
    <Module skippedDueTo="Filter" hash="69-65-AC-4C-D5-D8-58-B7-24-B0-69-AA-85-44-D3-3C-5B-54-D3-FC">
      <ModulePath>C:\WINDOWS\Microsoft.Net\assembly\GAC_64\System.Web\v4.0_4.0.0.0__b03f5f7f11d50a3a\System.Web.dll</ModulePath>
      <ModuleTime>2017-09-01T05:56:21.7438952Z</ModuleTime>
      <ModuleName>System.Web</ModuleName>
      <Classes />
    </Module>
    <Module skippedDueTo="MissingPdb" hash="8A-2E-8F-D6-9D-39-02-4A-2F-30-FC-06-42-F7-0F-A8-32-69-07-72">
      <ModulePath>C:\src\opencover2\ClassLibrary1\packages\NUnit.ConsoleRunner.3.7.0\tools\Mono.Cecil.dll</ModulePath>
      <ModuleTime>2017-07-13T18:33:20Z</ModuleTime>
      <ModuleName>Mono.Cecil</ModuleName>
      <Classes />
    </Module>
    <Module skippedDueTo="Filter" hash="29-58-E1-EB-D3-F6-52-F3-E3-5D-C7-92-48-68-FA-2A-6C-78-BA-3B">
      <ModulePath>C:\WINDOWS\Microsoft.Net\assembly\GAC_MSIL\System.Runtime.Remoting\v4.0_4.0.0.0__b77a5c561934e089\System.Runtime.Remoting.dll</ModulePath>
      <ModuleTime>2017-09-05T01:21:18.3472968Z</ModuleTime>
      <ModuleName>System.Runtime.Remoting</ModuleName>
      <Classes />
    </Module>
    <Module skippedDueTo="Filter" hash="0C-91-60-C5-26-07-2E-2E-54-A1-8A-32-86-67-C5-B4-A5-93-05-F9">
      <ModulePath>C:\WINDOWS\Microsoft.Net\assembly\GAC_MSIL\System.Configuration\v4.0_4.0.0.0__b03f5f7f11d50a3a\System.Configuration.dll</ModulePath>
      <ModuleTime>2017-03-18T20:59:43.7281312Z</ModuleTime>
      <ModuleName>System.Configuration</ModuleName>
      <Classes />
    </Module>
  </Modules>
</CoverageSession>